Determining if the pthread_create exist failed with the following output:
Change Dir: /home/yesser/ros_qtc_plugin/src/robot_gz/plugin/build/CMakeFiles/CMakeTmp

Run Build Command:"/usr/bin/make" "cmTC_20e5f/fast"
/usr/bin/make -f CMakeFiles/cmTC_20e5f.dir/build.make CMakeFiles/cmTC_20e5f.dir/build
make[1]: Entering directory '/home/yesser/ros_qtc_plugin/src/robot_gz/plugin/build/CMakeFiles/CMakeTmp'
Building C object CMakeFiles/cmTC_20e5f.dir/CheckSymbolExists.c.o
/usr/bin/cc     -o CMakeFiles/cmTC_20e5f.dir/CheckSymbolExists.c.o   -c /home/yesser/ros_qtc_plugin/src/robot_gz/plugin/build/CMakeFiles/CMakeTmp/CheckSymbolExists.c
Linking C executable cmTC_20e5f
/usr/bin/cmake -E cmake_link_script CMakeFiles/cmTC_20e5f.dir/link.txt --verbose=1
/usr/bin/cc       CMakeFiles/cmTC_20e5f.dir/CheckSymbolExists.c.o  -o cmTC_20e5f -rdynamic 
CMakeFiles/cmTC_20e5f.dir/CheckSymbolExists.c.o: In function `main':
CheckSymbolExists.c:(.text+0x16): undefined reference to `pthread_create'
collect2: error: ld returned 1 exit status
CMakeFiles/cmTC_20e5f.dir/build.make:97: recipe for target 'cmTC_20e5f' failed
make[1]: *** [cmTC_20e5f] Error 1
make[1]: Leaving directory '/home/yesser/ros_qtc_plugin/src/robot_gz/plugin/build/CMakeFiles/CMakeTmp'
Makefile:126: recipe for target 'cmTC_20e5f/fast' failed
make: *** [cmTC_20e5f/fast] Error 2

File /home/yesser/ros_qtc_plugin/src/robot_gz/plugin/build/CMakeFiles/CMakeTmp/CheckSymbolExists.c:
/* */
#include <pthread.h>

int main(int argc, char** argv)
{
  (void)argv;
#ifndef pthread_create
  return ((int*)(&pthread_create))[argc];
#else
  (void)argc;
  return 0;
#endif
}

Determining if the function pthread_create exists in the pthreads failed with the following output:
Change Dir: /home/yesser/ros_qtc_plugin/src/robot_gz/plugin/build/CMakeFiles/CMakeTmp

Run Build Command:"/usr/bin/make" "cmTC_c316d/fast"
/usr/bin/make -f CMakeFiles/cmTC_c316d.dir/build.make CMakeFiles/cmTC_c316d.dir/build
make[1]: Entering directory '/home/yesser/ros_qtc_plugin/src/robot_gz/plugin/build/CMakeFiles/CMakeTmp'
Building C object CMakeFiles/cmTC_c316d.dir/CheckFunctionExists.c.o
/usr/bin/cc    -DCHECK_FUNCTION_EXISTS=pthread_create   -o CMakeFiles/cmTC_c316d.dir/CheckFunctionExists.c.o   -c /usr/share/cmake-3.5/Modules/CheckFunctionExists.c
Linking C executable cmTC_c316d
/usr/bin/cmake -E cmake_link_script CMakeFiles/cmTC_c316d.dir/link.txt --verbose=1
/usr/bin/cc   -DCHECK_FUNCTION_EXISTS=pthread_create    CMakeFiles/cmTC_c316d.dir/CheckFunctionExists.c.o  -o cmTC_c316d -rdynamic -lpthreads 
/usr/bin/ld: cannot find -lpthreads
collect2: error: ld returned 1 exit status
CMakeFiles/cmTC_c316d.dir/build.make:97: recipe for target 'cmTC_c316d' failed
make[1]: *** [cmTC_c316d] Error 1
make[1]: Leaving directory '/home/yesser/ros_qtc_plugin/src/robot_gz/plugin/build/CMakeFiles/CMakeTmp'
Makefile:126: recipe for target 'cmTC_c316d/fast' failed
make: *** [cmTC_c316d/fast] Error 2


